0 info it worked if it ends with ok
1 verbose cli [ '/usr/local/opt/nvm/v0.10.28/bin/node',
1 verbose cli   '/usr/local/opt/nvm/v0.10.28/bin/npm',
1 verbose cli   'install',
1 verbose cli   'angularjs-nvd3-directives',
1 verbose cli   '--save' ]
2 info using npm@1.4.9
3 info using node@v0.10.28
4 verbose node symlink /usr/local/opt/nvm/v0.10.28/bin/node
5 warn package.json smooth-giving-app@0.0.0 No description
6 warn package.json smooth-giving-app@0.0.0 No repository field.
7 warn package.json smooth-giving-app@0.0.0 No README data
8 warn package.json sass@0.5.0 No repository field.
9 verbose readDependencies using package.json deps
10 verbose cache add [ 'angularjs-nvd3-directives', null ]
11 verbose cache add name=undefined spec="angularjs-nvd3-directives" args=["angularjs-nvd3-directives",null]
12 verbose parsed url { protocol: null,
12 verbose parsed url   slashes: null,
12 verbose parsed url   auth: null,
12 verbose parsed url   host: null,
12 verbose parsed url   port: null,
12 verbose parsed url   hostname: null,
12 verbose parsed url   hash: null,
12 verbose parsed url   search: null,
12 verbose parsed url   query: null,
12 verbose parsed url   pathname: 'angularjs-nvd3-directives',
12 verbose parsed url   path: 'angularjs-nvd3-directives',
12 verbose parsed url   href: 'angularjs-nvd3-directives' }
13 silly lockFile 4b82eed8-angularjs-nvd3-directives angularjs-nvd3-directives
14 verbose lock angularjs-nvd3-directives /Users/harberg/.npm/4b82eed8-angularjs-nvd3-directives.lock
15 silly lockFile 4b82eed8-angularjs-nvd3-directives angularjs-nvd3-directives
16 silly lockFile 4b82eed8-angularjs-nvd3-directives angularjs-nvd3-directives
17 verbose addNamed [ 'angularjs-nvd3-directives', '' ]
18 verbose addNamed [ null, '*' ]
19 silly lockFile 9a378637-angularjs-nvd3-directives angularjs-nvd3-directives@
20 verbose lock angularjs-nvd3-directives@ /Users/harberg/.npm/9a378637-angularjs-nvd3-directives.lock
21 silly addNameRange { name: 'angularjs-nvd3-directives', range: '*', hasData: false }
22 verbose url raw angularjs-nvd3-directives
23 verbose url resolving [ 'https://registry.npmjs.org/', './angularjs-nvd3-directives' ]
24 verbose url resolved https://registry.npmjs.org/angularjs-nvd3-directives
25 info trying registry request attempt 1 at 19:57:19
26 http GET https://registry.npmjs.org/angularjs-nvd3-directives
27 http 404 https://registry.npmjs.org/angularjs-nvd3-directives
28 verbose headers { date: 'Fri, 27 Jun 2014 02:57:19 GMT',
28 verbose headers   server: 'CouchDB/1.5.0 (Erlang OTP/R16B03)',
28 verbose headers   'content-type': 'application/json',
28 verbose headers   'cache-control': 'max-age=0',
28 verbose headers   'content-length': '52',
28 verbose headers   'accept-ranges': 'bytes',
28 verbose headers   via: '1.1 varnish',
28 verbose headers   age: '0',
28 verbose headers   'x-served-by': 'cache-lax1427-LAX',
28 verbose headers   'x-cache': 'MISS',
28 verbose headers   'x-cache-hits': '0',
28 verbose headers   'x-timer': 'S1403837839.321833,VS0,VE76',
28 verbose headers   'keep-alive': 'timeout=10, max=50',
28 verbose headers   connection: 'Keep-Alive' }
29 silly registry.get cb [ 404,
29 silly registry.get   { date: 'Fri, 27 Jun 2014 02:57:19 GMT',
29 silly registry.get     server: 'CouchDB/1.5.0 (Erlang OTP/R16B03)',
29 silly registry.get     'content-type': 'application/json',
29 silly registry.get     'cache-control': 'max-age=0',
29 silly registry.get     'content-length': '52',
29 silly registry.get     'accept-ranges': 'bytes',
29 silly registry.get     via: '1.1 varnish',
29 silly registry.get     age: '0',
29 silly registry.get     'x-served-by': 'cache-lax1427-LAX',
29 silly registry.get     'x-cache': 'MISS',
29 silly registry.get     'x-cache-hits': '0',
29 silly registry.get     'x-timer': 'S1403837839.321833,VS0,VE76',
29 silly registry.get     'keep-alive': 'timeout=10, max=50',
29 silly registry.get     connection: 'Keep-Alive' } ]
30 silly lockFile 9a378637-angularjs-nvd3-directives angularjs-nvd3-directives@
31 silly lockFile 9a378637-angularjs-nvd3-directives angularjs-nvd3-directives@
32 error 404 404 Not Found: angularjs-nvd3-directives
32 error 404
32 error 404 'angularjs-nvd3-directives' is not in the npm registry.
32 error 404 You should bug the author to publish it
32 error 404 It was specified as a dependency of 'smooth-giving-app'
32 error 404
32 error 404 Note that you can also install from a
32 error 404 tarball, folder, or http url, or git url.
33 error System Darwin 13.2.0
34 error command "/usr/local/opt/nvm/v0.10.28/bin/node" "/usr/local/opt/nvm/v0.10.28/bin/npm" "install" "angularjs-nvd3-directives" "--save"
35 error cwd /Users/harberg/Desktop/smooth
36 error node -v v0.10.28
37 error npm -v 1.4.9
38 error code E404
39 verbose exit [ 1, true ]
